d:\linegame\linegame\x64\debug\linegame.pch
d:\linegame\linegame\x64\debug\vc143.pdb
d:\linegame\linegame\x64\debug\vc143.idb
d:\linegame\linegame\x64\debug\pch.obj
d:\linegame\linegame\x64\debug\mainfrm.obj
d:\linegame\linegame\x64\debug\linegameview.obj
d:\linegame\linegame\x64\debug\linegamedoc.obj
d:\linegame\linegame\x64\debug\linegame.obj
d:\linegame\linegame\x64\debug\tron.obj
d:\linegame\linegame\x64\debug\hcn.obj
d:\linegame\linegame\x64\debug\banco.obj
d:\linegame\linegame\x64\debug\linegame.res
d:\linegame\linegame\x64\debug\linegame.ilk
d:\linegame\x64\debug\linegame.pdb
d:\linegame\linegame\x64\debug\linegame.tlog\cl.command.1.tlog
d:\linegame\linegame\x64\debug\linegame.tlog\cl.items.tlog
d:\linegame\linegame\x64\debug\linegame.tlog\cl.read.1.tlog
d:\linegame\linegame\x64\debug\linegame.tlog\cl.write.1.tlog
d:\linegame\linegame\x64\debug\linegame.tlog\link-cvtres.read.1.tlog
d:\linegame\linegame\x64\debug\linegame.tlog\link-cvtres.write.1.tlog
d:\linegame\linegame\x64\debug\linegame.tlog\link-mt.read.1.tlog
d:\linegame\linegame\x64\debug\linegame.tlog\link-mt.write.1.tlog
d:\linegame\linegame\x64\debug\linegame.tlog\link-rc.read.1.tlog
d:\linegame\linegame\x64\debug\linegame.tlog\link-rc.write.1.tlog
d:\linegame\linegame\x64\debug\linegame.tlog\link.13188-cvtres.read.1.tlog
d:\linegame\linegame\x64\debug\linegame.tlog\link.13188-cvtres.write.1.tlog
d:\linegame\linegame\x64\debug\linegame.tlog\link.13188-mt.read.1.tlog
d:\linegame\linegame\x64\debug\linegame.tlog\link.13188-mt.write.1.tlog
d:\linegame\linegame\x64\debug\linegame.tlog\link.13188-rc.read.1.tlog
d:\linegame\linegame\x64\debug\linegame.tlog\link.13188-rc.write.1.tlog
d:\linegame\linegame\x64\debug\linegame.tlog\link.13188.read.1.tlog
d:\linegame\linegame\x64\debug\linegame.tlog\link.13188.read.2.tlog
d:\linegame\linegame\x64\debug\linegame.tlog\link.13188.write.1.tlog
d:\linegame\linegame\x64\debug\linegame.tlog\link.command.1.tlog
d:\linegame\linegame\x64\debug\linegame.tlog\link.read.1.tlog
d:\linegame\linegame\x64\debug\linegame.tlog\link.read.2.tlog
d:\linegame\linegame\x64\debug\linegame.tlog\link.secondary.1.tlog
d:\linegame\linegame\x64\debug\linegame.tlog\link.write.1.tlog
d:\linegame\linegame\x64\debug\linegame.tlog\rc.command.1.tlog
d:\linegame\linegame\x64\debug\linegame.tlog\rc.read.1.tlog
d:\linegame\linegame\x64\debug\linegame.tlog\rc.write.1.tlog
